<?xml version="1.0" encoding="UTF-8"?>
<robot generator="Robot 3.2.2 (Python 3.9.0 on win32)" generated="20201208 17:30:23.952" rpa="false">
<suite id="s1" name="FinalApple" source="C:\Users\99002608\eclipse-workspace\FinalApple">
<suite id="s1-s1" name="Testsuites" source="C:\Users\99002608\eclipse-workspace\FinalApple\testsuites">
<suite id="s1-s1-s1" name="FirstTestsuite" source="C:\Users\99002608\eclipse-workspace\FinalApple\testsuites\FirstTestsuite.robot">
<test id="s1-s1-s1-t1" name="AppleTest">
<kw name="StartTest" library="common" type="setup">
<kw name="Append To Environment Variable" library="OperatingSystem">
<doc>Appends given ``values`` to environment variable ``name``.</doc>
<arguments>
<arg>Path</arg>
<arg>${EXECDIR}${/}driver${/}</arg>
</arguments>
<msg timestamp="20201208 17:30:24.677" level="INFO">Environment variable 'Path' set to value 'C:/Users/99002608/.p2/pool/plugins/org.eclipse.justj.openjdk.hotspot.jre.full.win32.x86_64_14.0.2.v20200815-0932/jre/bin/server;C:/Users/99002608/.p2/pool/plugins/org.eclipse.justj.openjdk.hotspot.jre.full.win32.x86_64_14.0.2.v20200815-0932/jre/bin;C:\ProgramData\Oracle\Java\javapath;C:\WINDOWS\system32;C:\WINDOWS;C:\WINDOWS\System32\Wbem;C:\WINDOWS\System32\WindowsPowerShell\v1.0\;C:\WINDOWS\System32\OpenSSH\;C:\Program Files\TortoiseSVN\bin;C:\Program Files (x86)\NVIDIA Corporation\PhysX\Common;C:\Program Files (x86)\Intel\Intel(R) Management Engine Components\DAL;C:\Program Files\Intel\Intel(R) Management Engine Components\DAL;C:\Users\99002608\AppData\Local\Programs\Python\Python39\Scripts\;C:\Users\99002608\AppData\Local\Programs\Python\Python39\;C:\Users\99002608\AppData\Local\Microsoft\WindowsApps;;C:\Users\99002608\Desktop;;C:\Users\99002608\eclipse-workspace\FinalApple\driver\'.</msg>
<status status="PASS" starttime="20201208 17:30:24.676" endtime="20201208 17:30:24.677"></status>
</kw>
<kw name="Open Browser" library="SeleniumLibrary">
<doc>Opens a new browser instance to the optional ``url``.</doc>
<arguments>
<arg>browser=${BROWSER NAME}</arg>
</arguments>
<msg timestamp="20201208 17:30:24.677" level="INFO">Opening browser 'chrome' to base url 'None'.</msg>
<status status="PASS" starttime="20201208 17:30:24.677" endtime="20201208 17:30:28.047"></status>
</kw>
<kw name="Maximize Browser Window" library="SeleniumLibrary">
<doc>Maximizes current browser window.</doc>
<status status="PASS" starttime="20201208 17:30:28.047" endtime="20201208 17:30:30.164"></status>
</kw>
<kw name="Go To" library="SeleniumLibrary">
<doc>Navigates the current browser window to the provided ``url``.</doc>
<arguments>
<arg>url=${URL}</arg>
</arguments>
<msg timestamp="20201208 17:30:30.165" level="INFO">Opening url 'https://www.apple.com/in/'</msg>
<status status="PASS" starttime="20201208 17:30:30.165" endtime="20201208 17:30:31.001"></status>
</kw>
<kw name="Set Browser Implicit Wait" library="SeleniumLibrary">
<doc>Sets the implicit wait value used by Selenium.</doc>
<arguments>
<arg>10s</arg>
</arguments>
<status status="PASS" starttime="20201208 17:30:31.002" endtime="20201208 17:30:31.003"></status>
</kw>
<status status="PASS" starttime="20201208 17:30:24.676" endtime="20201208 17:30:31.004"></status>
</kw>
<kw name="ClickBuy" library="common">
<arguments>
<arg>MacBook Air</arg>
</arguments>
<kw name="Wait Until Element Is Visible" library="SeleniumLibrary">
<doc>Waits until the element ``locator`` is visible.</doc>
<arguments>
<arg>//a[contains(@class,'icon icon-after icon-chevronright')]//following::*[contains(@data-analytics-title,'Buy ${value}')]</arg>
</arguments>
<status status="PASS" starttime="20201208 17:30:31.004" endtime="20201208 17:30:31.041"></status>
</kw>
<kw name="Sleep" library="BuiltIn">
<doc>Pauses the test executed for the given time.</doc>
<arguments>
<arg>2s</arg>
</arguments>
<msg timestamp="20201208 17:30:33.043" level="INFO">Slept 2 seconds</msg>
<status status="PASS" starttime="20201208 17:30:31.041" endtime="20201208 17:30:33.043"></status>
</kw>
<kw name="Click Element" library="SeleniumLibrary">
<doc>Click the element identified by ``locator``.</doc>
<arguments>
<arg>//a[contains(@class,'icon icon-after icon-chevronright')]//following::*[contains(@data-analytics-title,'Buy ${value}')]</arg>
</arguments>
<msg timestamp="20201208 17:30:33.044" level="INFO">Clicking element '//a[contains(@class,'icon icon-after icon-chevronright')]//following::*[contains(@data-analytics-title,'Buy MacBook Air')]'.</msg>
<status status="PASS" starttime="20201208 17:30:33.043" endtime="20201208 17:30:36.275"></status>
</kw>
<kw name="Sleep" library="BuiltIn">
<doc>Pauses the test executed for the given time.</doc>
<arguments>
<arg>5s</arg>
</arguments>
<msg timestamp="20201208 17:30:41.278" level="INFO">Slept 5 seconds</msg>
<status status="PASS" starttime="20201208 17:30:36.276" endtime="20201208 17:30:41.278"></status>
</kw>
<status status="PASS" starttime="20201208 17:30:31.004" endtime="20201208 17:30:41.278"></status>
</kw>
<kw name="ClickSelect" library="common">
<kw name="Wait Until Element Is Visible" library="SeleniumLibrary">
<doc>Waits until the element ``locator`` is visible.</doc>
<arguments>
<arg>(//*[contains(@href,"https://www.apple.com/in/macbook-air")])[1]</arg>
</arguments>
<status status="PASS" starttime="20201208 17:30:41.279" endtime="20201208 17:30:41.312"></status>
</kw>
<kw name="Scroll Element Into View" library="SeleniumLibrary">
<doc>Scrolls the element identified by ``locator`` into view.</doc>
<arguments>
<arg>(//*[@class="as-macbundle column large-4 small-12 as-macbundle-offset2"]//following::*[@class="as-macbundle-actioncontainer"])[1]</arg>
</arguments>
<status status="PASS" starttime="20201208 17:30:41.313" endtime="20201208 17:30:41.847"></status>
</kw>
<kw name="Click Element" library="SeleniumLibrary">
<doc>Click the element identified by ``locator``.</doc>
<arguments>
<arg>(//*[@class="as-macbundle column large-4 small-12 as-macbundle-offset2"]//following::*[@class="as-macbundle-actioncontainer"])[1]</arg>
</arguments>
<msg timestamp="20201208 17:30:41.848" level="INFO">Clicking element '(//*[@class="as-macbundle column large-4 small-12 as-macbundle-offset2"]//following::*[@class="as-macbundle-actioncontainer"])[1]'.</msg>
<status status="PASS" starttime="20201208 17:30:41.848" endtime="20201208 17:30:44.346"></status>
</kw>
<status status="PASS" starttime="20201208 17:30:41.279" endtime="20201208 17:30:44.347"></status>
</kw>
<kw name="SeeDeliveryOptions" library="common">
<arguments>
<arg>500079</arg>
</arguments>
<kw name="Sleep" library="BuiltIn">
<doc>Pauses the test executed for the given time.</doc>
<arguments>
<arg>2s</arg>
</arguments>
<msg timestamp="20201208 17:30:46.350" level="INFO">Slept 2 seconds</msg>
<status status="PASS" starttime="20201208 17:30:44.348" endtime="20201208 17:30:46.350"></status>
</kw>
<kw name="Capture Page Screenshot" library="SeleniumLibrary">
<doc>Takes a screenshot of the current page and embeds it into a log file.</doc>
<arguments>
<arg>D:\\main\\xda.png</arg>
</arguments>
<msg timestamp="20201208 17:30:46.712" level="INFO" html="yes">&lt;/td&gt;&lt;/tr&gt;&lt;tr&gt;&lt;td colspan="3"&gt;&lt;a href="file:///D:/main/xda.png"&gt;&lt;img src="file:///D:/main/xda.png" width="800px"&gt;&lt;/a&gt;</msg>
<status status="PASS" starttime="20201208 17:30:46.350" endtime="20201208 17:30:46.712"></status>
</kw>
<kw name="Sleep" library="BuiltIn">
<doc>Pauses the test executed for the given time.</doc>
<arguments>
<arg>5s</arg>
</arguments>
<msg timestamp="20201208 17:30:51.713" level="INFO">Slept 5 seconds</msg>
<status status="PASS" starttime="20201208 17:30:46.712" endtime="20201208 17:30:51.713"></status>
</kw>
<kw name="Delivery" library="Temp">
<assign>
<var>${delivery}</var>
</assign>
<msg timestamp="20201208 17:30:51.964" level="INFO">[383, 807]</msg>
<msg timestamp="20201208 17:30:51.965" level="INFO">${delivery} = [383, 807]</msg>
<status status="PASS" starttime="20201208 17:30:51.713" endtime="20201208 17:30:51.965"></status>
</kw>
<kw name="Log To Console" library="BuiltIn">
<doc>Logs the given message to the console.</doc>
<arguments>
<arg>${delivery}</arg>
</arguments>
<status status="PASS" starttime="20201208 17:30:51.965" endtime="20201208 17:30:51.965"></status>
</kw>
<kw name="Sleep" library="BuiltIn">
<doc>Pauses the test executed for the given time.</doc>
<arguments>
<arg>3s</arg>
</arguments>
<msg timestamp="20201208 17:30:54.967" level="INFO">Slept 3 seconds</msg>
<status status="PASS" starttime="20201208 17:30:51.966" endtime="20201208 17:30:54.967"></status>
</kw>
<kw name="Coordinates Click" library="Temp">
<arguments>
<arg>${delivery}[0]</arg>
<arg>${delivery}[1]</arg>
</arguments>
<status status="PASS" starttime="20201208 17:30:54.967" endtime="20201208 17:30:55.087"></status>
</kw>
<kw name="Wait Until Element Is Visible" library="SeleniumLibrary">
<doc>Waits until the element ``locator`` is visible.</doc>
<arguments>
<arg>//input[@id='postalCode']</arg>
</arguments>
<status status="PASS" starttime="20201208 17:30:55.087" endtime="20201208 17:30:55.383"></status>
</kw>
<kw name="Input Text" library="SeleniumLibrary">
<doc>Types the given ``text`` into the text field identified by ``locator``.</doc>
<arguments>
<arg>//input[@id='postalCode']</arg>
<arg>${pincode}</arg>
</arguments>
<msg timestamp="20201208 17:30:55.384" level="INFO">Typing text '500079' into text field '//input[@id='postalCode']'.</msg>
<status status="PASS" starttime="20201208 17:30:55.383" endtime="20201208 17:30:55.470"></status>
</kw>
<kw name="Sleep" library="BuiltIn">
<doc>Pauses the test executed for the given time.</doc>
<arguments>
<arg>2s</arg>
</arguments>
<msg timestamp="20201208 17:30:57.470" level="INFO">Slept 2 seconds</msg>
<status status="PASS" starttime="20201208 17:30:55.470" endtime="20201208 17:30:57.470"></status>
</kw>
<kw name="Capture Page Screenshot" library="SeleniumLibrary">
<doc>Takes a screenshot of the current page and embeds it into a log file.</doc>
<arguments>
<arg>D:\\main\\xda.png</arg>
</arguments>
<msg timestamp="20201208 17:30:57.785" level="INFO" html="yes">&lt;/td&gt;&lt;/tr&gt;&lt;tr&gt;&lt;td colspan="3"&gt;&lt;a href="file:///D:/main/xda.png"&gt;&lt;img src="file:///D:/main/xda.png" width="800px"&gt;&lt;/a&gt;</msg>
<status status="PASS" starttime="20201208 17:30:57.470" endtime="20201208 17:30:57.785"></status>
</kw>
<kw name="Sleep" library="BuiltIn">
<doc>Pauses the test executed for the given time.</doc>
<arguments>
<arg>5s</arg>
</arguments>
<msg timestamp="20201208 17:31:02.788" level="INFO">Slept 5 seconds</msg>
<status status="PASS" starttime="20201208 17:30:57.785" endtime="20201208 17:31:02.788"></status>
</kw>
<kw name="Options" library="Temp">
<assign>
<var>${options}</var>
</assign>
<msg timestamp="20201208 17:31:03.096" level="INFO">[885, 376]</msg>
<msg timestamp="20201208 17:31:03.096" level="INFO">${options} = [885, 376]</msg>
<status status="PASS" starttime="20201208 17:31:02.788" endtime="20201208 17:31:03.097"></status>
</kw>
<kw name="Log To Console" library="BuiltIn">
<doc>Logs the given message to the console.</doc>
<arguments>
<arg>${options}</arg>
</arguments>
<status status="PASS" starttime="20201208 17:31:03.097" endtime="20201208 17:31:03.097"></status>
</kw>
<kw name="Sleep" library="BuiltIn">
<doc>Pauses the test executed for the given time.</doc>
<arguments>
<arg>3s</arg>
</arguments>
<msg timestamp="20201208 17:31:06.099" level="INFO">Slept 3 seconds</msg>
<status status="PASS" starttime="20201208 17:31:03.097" endtime="20201208 17:31:06.099"></status>
</kw>
<kw name="Coordinates Click" library="Temp">
<arguments>
<arg>${options}[0]</arg>
<arg>${options}[1]</arg>
</arguments>
<status status="PASS" starttime="20201208 17:31:06.099" endtime="20201208 17:31:06.240"></status>
</kw>
<kw name="Wait Until Element Is Visible" library="SeleniumLibrary">
<doc>Waits until the element ``locator`` is visible.</doc>
<arguments>
<arg>//li[contains(@class,'as-datatable-row as-deliverydatesoverlay-deliveryoptions-list')]</arg>
</arguments>
<status status="PASS" starttime="20201208 17:31:06.240" endtime="20201208 17:31:06.588"></status>
</kw>
<kw name="Get Text" library="SeleniumLibrary">
<doc>Returns the text value of the element identified by ``locator``.</doc>
<arguments>
<arg>//li[contains(@class,'as-datatable-row as-deliverydatesoverlay-deliveryoptions-list')]</arg>
</arguments>
<assign>
<var>${value}</var>
</assign>
<msg timestamp="20201208 17:31:06.607" level="INFO">${value} = Express Delivery
28 Dec
Free</msg>
<status status="PASS" starttime="20201208 17:31:06.589" endtime="20201208 17:31:06.607"></status>
</kw>
<kw name="Log To Console" library="BuiltIn">
<doc>Logs the given message to the console.</doc>
<arguments>
<arg>${value}</arg>
</arguments>
<status status="PASS" starttime="20201208 17:31:06.607" endtime="20201208 17:31:06.608"></status>
</kw>
<kw name="Sleep" library="BuiltIn">
<doc>Pauses the test executed for the given time.</doc>
<arguments>
<arg>2s</arg>
</arguments>
<msg timestamp="20201208 17:31:08.609" level="INFO">Slept 2 seconds</msg>
<status status="PASS" starttime="20201208 17:31:06.608" endtime="20201208 17:31:08.609"></status>
</kw>
<kw name="Capture Page Screenshot" library="SeleniumLibrary">
<doc>Takes a screenshot of the current page and embeds it into a log file.</doc>
<arguments>
<arg>D:\\main\\xda.png</arg>
</arguments>
<msg timestamp="20201208 17:31:08.901" level="INFO" html="yes">&lt;/td&gt;&lt;/tr&gt;&lt;tr&gt;&lt;td colspan="3"&gt;&lt;a href="file:///D:/main/xda.png"&gt;&lt;img src="file:///D:/main/xda.png" width="800px"&gt;&lt;/a&gt;</msg>
<status status="PASS" starttime="20201208 17:31:08.609" endtime="20201208 17:31:08.902"></status>
</kw>
<kw name="Sleep" library="BuiltIn">
<doc>Pauses the test executed for the given time.</doc>
<arguments>
<arg>5s</arg>
</arguments>
<msg timestamp="20201208 17:31:13.904" level="INFO">Slept 5 seconds</msg>
<status status="PASS" starttime="20201208 17:31:08.902" endtime="20201208 17:31:13.904"></status>
</kw>
<kw name="Cross" library="Temp">
<assign>
<var>${cross}</var>
</assign>
<msg timestamp="20201208 17:31:14.145" level="INFO">[395, 230]</msg>
<msg timestamp="20201208 17:31:14.145" level="INFO">${cross} = [395, 230]</msg>
<status status="PASS" starttime="20201208 17:31:13.904" endtime="20201208 17:31:14.145"></status>
</kw>
<kw name="Log To Console" library="BuiltIn">
<doc>Logs the given message to the console.</doc>
<arguments>
<arg>${cross}</arg>
</arguments>
<status status="PASS" starttime="20201208 17:31:14.146" endtime="20201208 17:31:14.146"></status>
</kw>
<kw name="Sleep" library="BuiltIn">
<doc>Pauses the test executed for the given time.</doc>
<arguments>
<arg>3s</arg>
</arguments>
<msg timestamp="20201208 17:31:17.147" level="INFO">Slept 3 seconds</msg>
<status status="PASS" starttime="20201208 17:31:14.146" endtime="20201208 17:31:17.147"></status>
</kw>
<kw name="Coordinates Click" library="Temp">
<arguments>
<arg>${cross}[0]</arg>
<arg>${cross}[1]</arg>
</arguments>
<status status="PASS" starttime="20201208 17:31:17.147" endtime="20201208 17:31:17.271"></status>
</kw>
<status status="PASS" starttime="20201208 17:30:44.347" endtime="20201208 17:31:17.271"></status>
</kw>
<kw name="AddToBag" library="common">
<kw name="Sleep" library="BuiltIn">
<doc>Pauses the test executed for the given time.</doc>
<arguments>
<arg>2s</arg>
</arguments>
<msg timestamp="20201208 17:31:19.273" level="INFO">Slept 2 seconds</msg>
<status status="PASS" starttime="20201208 17:31:17.271" endtime="20201208 17:31:19.273"></status>
</kw>
<kw name="Capture Page Screenshot" library="SeleniumLibrary">
<doc>Takes a screenshot of the current page and embeds it into a log file.</doc>
<arguments>
<arg>D:\\main\\xda.png</arg>
</arguments>
<msg timestamp="20201208 17:31:19.581" level="INFO" html="yes">&lt;/td&gt;&lt;/tr&gt;&lt;tr&gt;&lt;td colspan="3"&gt;&lt;a href="file:///D:/main/xda.png"&gt;&lt;img src="file:///D:/main/xda.png" width="800px"&gt;&lt;/a&gt;</msg>
<status status="PASS" starttime="20201208 17:31:19.273" endtime="20201208 17:31:19.581"></status>
</kw>
<kw name="Sleep" library="BuiltIn">
<doc>Pauses the test executed for the given time.</doc>
<arguments>
<arg>5s</arg>
</arguments>
<msg timestamp="20201208 17:31:24.584" level="INFO">Slept 5 seconds</msg>
<status status="PASS" starttime="20201208 17:31:19.581" endtime="20201208 17:31:24.584"></status>
</kw>
<kw name="Add" library="Temp">
<assign>
<var>${AddToBag}</var>
</assign>
<msg timestamp="20201208 17:31:24.854" level="INFO">[1191, 767]</msg>
<msg timestamp="20201208 17:31:24.855" level="INFO">${AddToBag} = [1191, 767]</msg>
<status status="PASS" starttime="20201208 17:31:24.584" endtime="20201208 17:31:24.855"></status>
</kw>
<kw name="Log To Console" library="BuiltIn">
<doc>Logs the given message to the console.</doc>
<arguments>
<arg>${AddToBag}</arg>
</arguments>
<status status="PASS" starttime="20201208 17:31:24.855" endtime="20201208 17:31:24.855"></status>
</kw>
<kw name="Sleep" library="BuiltIn">
<doc>Pauses the test executed for the given time.</doc>
<arguments>
<arg>3s</arg>
</arguments>
<msg timestamp="20201208 17:31:27.857" level="INFO">Slept 3 seconds</msg>
<status status="PASS" starttime="20201208 17:31:24.855" endtime="20201208 17:31:27.857"></status>
</kw>
<kw name="Coordinates Click" library="Temp">
<arguments>
<arg>${AddToBag}[0]</arg>
<arg>${AddToBag}[1]</arg>
</arguments>
<status status="PASS" starttime="20201208 17:31:27.857" endtime="20201208 17:31:27.969"></status>
</kw>
<status status="PASS" starttime="20201208 17:31:17.271" endtime="20201208 17:31:27.969"></status>
</kw>
<kw name=" ClickCart" library="common">
<kw name="Sleep" library="BuiltIn">
<doc>Pauses the test executed for the given time.</doc>
<arguments>
<arg>2s</arg>
</arguments>
<msg timestamp="20201208 17:31:29.970" level="INFO">Slept 2 seconds</msg>
<status status="PASS" starttime="20201208 17:31:27.970" endtime="20201208 17:31:29.970"></status>
</kw>
<kw name="Capture Page Screenshot" library="SeleniumLibrary">
<doc>Takes a screenshot of the current page and embeds it into a log file.</doc>
<arguments>
<arg>D:\\main\\xda.png</arg>
</arguments>
<msg timestamp="20201208 17:31:31.225" level="INFO" html="yes">&lt;/td&gt;&lt;/tr&gt;&lt;tr&gt;&lt;td colspan="3"&gt;&lt;a href="file:///D:/main/xda.png"&gt;&lt;img src="file:///D:/main/xda.png" width="800px"&gt;&lt;/a&gt;</msg>
<status status="PASS" starttime="20201208 17:31:29.970" endtime="20201208 17:31:31.225"></status>
</kw>
<kw name="Sleep" library="BuiltIn">
<doc>Pauses the test executed for the given time.</doc>
<arguments>
<arg>5s</arg>
</arguments>
<msg timestamp="20201208 17:31:36.227" level="INFO">Slept 5 seconds</msg>
<status status="PASS" starttime="20201208 17:31:31.226" endtime="20201208 17:31:36.227"></status>
</kw>
<kw name="Cart" library="Temp">
<assign>
<var>${cart}</var>
</assign>
<msg timestamp="20201208 17:31:36.464" level="INFO">[1269, 83]</msg>
<msg timestamp="20201208 17:31:36.464" level="INFO">${cart} = [1269, 83]</msg>
<status status="PASS" starttime="20201208 17:31:36.227" endtime="20201208 17:31:36.465"></status>
</kw>
<kw name="Log To Console" library="BuiltIn">
<doc>Logs the given message to the console.</doc>
<arguments>
<arg>${cart}</arg>
</arguments>
<status status="PASS" starttime="20201208 17:31:36.465" endtime="20201208 17:31:36.465"></status>
</kw>
<kw name="Sleep" library="BuiltIn">
<doc>Pauses the test executed for the given time.</doc>
<arguments>
<arg>3s</arg>
</arguments>
<msg timestamp="20201208 17:31:39.466" level="INFO">Slept 3 seconds</msg>
<status status="PASS" starttime="20201208 17:31:36.465" endtime="20201208 17:31:39.466"></status>
</kw>
<kw name="Coordinates Click" library="Temp">
<arguments>
<arg>${cart}[0]</arg>
<arg>${cart}[1]</arg>
</arguments>
<status status="PASS" starttime="20201208 17:31:39.466" endtime="20201208 17:31:39.588"></status>
</kw>
<kw name="Wait Until Element Is Visible" library="SeleniumLibrary">
<doc>Waits until the element ``locator`` is visible.</doc>
<arguments>
<arg>//a[contains(text(),'Bag (1)')]</arg>
</arguments>
<status status="PASS" starttime="20201208 17:31:39.588" endtime="20201208 17:31:39.933"></status>
</kw>
<kw name="Click Element" library="SeleniumLibrary">
<doc>Click the element identified by ``locator``.</doc>
<arguments>
<arg>//a[contains(text(),'Bag (1)')]</arg>
</arguments>
<msg timestamp="20201208 17:31:39.934" level="INFO">Clicking element '//a[contains(text(),'Bag (1)')]'.</msg>
<status status="PASS" starttime="20201208 17:31:39.934" endtime="20201208 17:31:41.098"></status>
</kw>
<kw name="Page Should Contain Element" library="SeleniumLibrary">
<doc>Verifies that element ``locator`` is found on the current page.</doc>
<arguments>
<arg>//h1[contains(text(),'Your bag total is ')]</arg>
</arguments>
<msg timestamp="20201208 17:31:41.111" level="INFO">Current page contains element '//h1[contains(text(),'Your bag total is ')]'.</msg>
<status status="PASS" starttime="20201208 17:31:41.099" endtime="20201208 17:31:41.112"></status>
</kw>
<status status="PASS" starttime="20201208 17:31:27.970" endtime="20201208 17:31:41.112"></status>
</kw>
<kw name="ClickRemove" library="common">
<kw name="Wait Until Element Is Visible" library="SeleniumLibrary">
<doc>Waits until the element ``locator`` is visible.</doc>
<arguments>
<arg>//span[contains(text(),'Remove')]</arg>
</arguments>
<status status="PASS" starttime="20201208 17:31:41.113" endtime="20201208 17:31:41.131"></status>
</kw>
<kw name="Click Element" library="SeleniumLibrary">
<doc>Click the element identified by ``locator``.</doc>
<arguments>
<arg>//span[contains(text(),'Remove')]</arg>
</arguments>
<msg timestamp="20201208 17:31:41.131" level="INFO">Clicking element '//span[contains(text(),'Remove')]'.</msg>
<status status="PASS" starttime="20201208 17:31:41.131" endtime="20201208 17:31:41.222"></status>
</kw>
<status status="PASS" starttime="20201208 17:31:41.112" endtime="20201208 17:31:41.223"></status>
</kw>
<status status="PASS" starttime="20201208 17:30:24.675" endtime="20201208 17:31:41.223" critical="yes"></status>
</test>
<doc>This file contains test cases to validate the automation by template matching methods</doc>
<status status="PASS" starttime="20201208 17:30:24.261" endtime="20201208 17:31:41.224"></status>
</suite>
<status status="PASS" starttime="20201208 17:30:24.257" endtime="20201208 17:31:41.228"></status>
</suite>
<status status="PASS" starttime="20201208 17:30:24.238" endtime="20201208 17:31:41.230"></status>
</suite>
<statistics>
<total>
<stat pass="1" fail="0">Critical Tests</stat>
<stat pass="1" fail="0">All Tests</stat>
</total>
<tag>
</tag>
<suite>
<stat pass="1" fail="0" id="s1" name="FinalApple">FinalApple</stat>
<stat pass="1" fail="0" id="s1-s1" name="Testsuites">FinalApple.Testsuites</stat>
<stat pass="1" fail="0" id="s1-s1-s1" name="FirstTestsuite">FinalApple.Testsuites.FirstTestsuite</stat>
</suite>
</statistics>
<errors>
</errors>
</robot>
